<?xml version="1.0" encoding="utf-8"?><testsuites name="pytest tests"><testsuite name="pytest" errors="0" failures="0" skipped="0" tests="16" time="7.006" timestamp="2026-04-29T21:08:03.440624+00:00" hostname="agent-env-f3aed369-3704-4008-a37c-029f35637ec8"><testcase classname="backend.tests.test_upgrade_v3.TestStreaks" name="test_streaks_shape" time="0.607" /><testcase classname="backend.tests.test_upgrade_v3.TestHistory" name="test_history_default_7" time="0.072" /><testcase classname="backend.tests.test_upgrade_v3.TestHistory" name="test_history_custom_days" time="0.237" /><testcase classname="backend.tests.test_upgrade_v3.TestHistory" name="test_history_clamps" time="0.046" /><testcase classname="backend.tests.test_upgrade_v3.TestExport" name="test_export_shape" time="0.070" /><testcase classname="backend.tests.test_upgrade_v3.TestRegression" name="test_root" time="0.028" /><testcase classname="backend.tests.test_upgrade_v3.TestRegression" name="test_flow_dashboard" time="0.068" /><testcase classname="backend.tests.test_upgrade_v3.TestRegression" name="test_weather" time="0.797" /><testcase classname="backend.tests.test_upgrade_v3.TestRegression" name="test_morning_brief_with_loc" time="0.689" /><testcase classname="backend.tests.test_upgrade_v3.TestRegression" name="test_morning_brief_no_body" time="0.752" /><testcase classname="backend.tests.test_upgrade_v3.TestRegression" name="test_evening_brief" time="2.986" /><testcase classname="backend.tests.test_upgrade_v3.TestRegression" name="test_priorities_crud" time="0.188" /><testcase classname="backend.tests.test_upgrade_v3.TestRegression" name="test_expenses_crud" time="0.093" /><testcase classname="backend.tests.test_upgrade_v3.TestRegression" name="test_habits_increment" time="0.171" /><testcase classname="backend.tests.test_upgrade_v3.TestRegression" name="test_habits_focus_and_energy" time="0.094" /><testcase classname="backend.tests.test_upgrade_v3.TestRegression" name="test_chat_suggestions" time="0.025" /></testsuite></testsuites>