<?xml version="1.0" encoding="utf-8"?><testsuites name="pytest tests"><testsuite name="pytest" errors="0" failures="0" skipped="0" tests="11" time="15.764" timestamp="2026-04-27T20:12:53.055740+00:00" hostname="agent-env-f3aed369-3704-4008-a37c-029f35637ec8"><testcase classname="tests.backend_test.TestRoot" name="test_root" time="1.192" /><testcase classname="tests.backend_test.TestMorningBrief" name="test_morning_brief_structure" time="0.693" /><testcase classname="tests.backend_test.TestEveningBrief" name="test_evening_brief_structure" time="0.688" /><testcase classname="tests.backend_test.TestFlowDashboard" name="test_dashboard_cards" time="0.693" /><testcase classname="tests.backend_test.TestChatSuggestions" name="test_suggestions_count" time="0.690" /><testcase classname="tests.backend_test.TestProfile" name="test_get_default_profile" time="0.703" /><testcase classname="tests.backend_test.TestProfile" name="test_update_and_persist_profile" time="3.387" /><testcase classname="tests.backend_test.TestChat" name="test_chat_empty_message" time="0.717" /><testcase classname="tests.backend_test.TestChat" name="test_chat_real_response" time="2.112" /><testcase classname="tests.backend_test.TestChat" name="test_chat_history_order" time="3.340" /><testcase classname="tests.backend_test.TestChat" name="test_clear_chat_history" time="1.389" /></testsuite></testsuites>