<?xml version="1.0" encoding="utf-8"?><testsuites name="pytest tests"><testsuite name="pytest" errors="0" failures="0" skipped="0" tests="23" time="52.712" timestamp="2026-04-29T21:37:48.065432+00:00" hostname="agent-env-f3aed369-3704-4008-a37c-029f35637ec8"><testcase classname="backend.tests.test_upgrade_v12.TestIntention" name="test_get_default_empty" time="0.742" /><testcase classname="backend.tests.test_upgrade_v12.TestIntention" name="test_put_upsert_and_get" time="0.091" /><testcase classname="backend.tests.test_upgrade_v12.TestIntention" name="test_truncation" time="0.065" /><testcase classname="backend.tests.test_upgrade_v12.TestJournal" name="test_create_with_reflection" time="2.587" /><testcase classname="backend.tests.test_upgrade_v12.TestJournal" name="test_list_contains_entry" time="0.026" /><testcase classname="backend.tests.test_upgrade_v12.TestJournal" name="test_empty_content_400" time="0.024" /><testcase classname="backend.tests.test_upgrade_v12.TestJournal" name="test_delete" time="0.092" /><testcase classname="backend.tests.test_upgrade_v12.TestRituals" name="test_create" time="0.069" /><testcase classname="backend.tests.test_upgrade_v12.TestRituals" name="test_create_validation" time="0.088" /><testcase classname="backend.tests.test_upgrade_v12.TestRituals" name="test_list_has_completed_today" time="0.024" /><testcase classname="backend.tests.test_upgrade_v12.TestRituals" name="test_complete_and_undo" time="0.185" /><testcase classname="backend.tests.test_upgrade_v12.TestRituals" name="test_delete_removes_ritual_and_completions" time="0.210" /><testcase classname="backend.tests.test_upgrade_v12.TestParsePriority" name="test_call_mom_tomorrow_3pm" time="31.241" /><testcase classname="backend.tests.test_upgrade_v12.TestParsePriority" name="test_empty_text_400" time="0.030" /><testcase classname="backend.tests.test_upgrade_v12.TestWeekly" name="test_weekly_structure" time="4.389" /><testcase classname="backend.tests.test_upgrade_v12.TestMorningBriefV12" name="test_north_star_picks_timed_first" time="5.066" /><testcase classname="backend.tests.test_upgrade_v12.TestMorningBriefV12" name="test_north_star_none_when_all_done" time="0.836" /><testcase classname="backend.tests.test_upgrade_v12.TestExportV12" name="test_export_contains_new_fields" time="2.185" /><testcase classname="backend.tests.test_upgrade_v12.TestResetV12" name="test_reset_wipes_new_collections" time="2.481" /><testcase classname="backend.tests.test_upgrade_v12.TestRegression" name="test_weather" time="0.788" /><testcase classname="backend.tests.test_upgrade_v12.TestRegression" name="test_priorities_crud" time="0.113" /><testcase classname="backend.tests.test_upgrade_v12.TestRegression" name="test_habits_streaks" time="0.028" /><testcase classname="backend.tests.test_upgrade_v12.TestRegression" name="test_chat" time="1.258" /></testsuite></testsuites>